# JRE version: OpenJDK Runtime Environment (7.0_79-b14) (build 1.7.0_79-b14)
# Java VM: OpenJDK Server VM (24.79-b02 mixed mode linux-x86 )
Heap
 PSYoungGen      total 34816K, used 8446K [0x9e6c0000, 0xa0b40000, 0xb32c0000)
  eden space 32256K, 18% used [0x9e6c0000,0x9ec80fa8,0xa0640000)
  from space 2560K, 99% used [0xa08c0000,0xa0b3e9d8,0xa0b40000)
  to   space 2560K, 0% used [0xa0640000,0xa0640000,0xa08c0000)
 ParOldGen       total 42496K, used 25339K [0x74ec0000, 0x77840000, 0x9e6c0000)
  object space 42496K, 59% used [0x74ec0000,0x7677ecc8,0x77840000)
 PSPermGen       total 16384K, used 9164K [0x6cec0000, 0x6dec0000, 0x74ec0000)
  object space 16384K, 55% used [0x6cec0000,0x6d7b33a8,0x6dec0000)
GC Heap History (4 events):
Event: 1.714 GC heap before
{Heap before GC invocations=1 (full 0):
 PSYoungGen      total 18688K, used 16128K [0x9e6c0000, 0x9fb80000, 0xb32c0000)
  eden space 16128K, 100% used [0x9e6c0000,0x9f680000,0x9f680000)
  from space 2560K, 0% used [0x9f900000,0x9f900000,0x9fb80000)
  to   space 2560K, 0% used [0x9f680000,0x9f680000,0x9f900000)
 ParOldGen       total 42496K, used 0K [0x74ec0000, 0x77840000, 0x9e6c0000)
  object space 42496K, 0% used [0x74ec0000,0x74ec0000,0x77840000)
 PSPermGen       total 16384K, used 9161K [0x6cec0000, 0x6dec0000, 0x74ec0000)
  object space 16384K, 55% used [0x6cec0000,0x6d7b2590,0x6dec0000)
Event: 1.739 GC heap after
Heap after GC invocations=1 (full 0):
 PSYoungGen      total 18688K, used 2548K [0x9e6c0000, 0xa0b40000, 0xb32c0000)
  eden space 16128K, 0% used [0x9e6c0000,0x9e6c0000,0x9f680000)
  from space 2560K, 99% used [0x9f680000,0x9f8fd370,0x9f900000)
  to   space 2560K, 0% used [0xa08c0000,0xa08c0000,0xa0b40000)
 ParOldGen       total 42496K, used 10219K [0x74ec0000, 0x77840000, 0x9e6c0000)
  object space 42496K, 24% used [0x74ec0000,0x758bac98,0x77840000)
 PSPermGen       total 16384K, used 9161K [0x6cec0000, 0x6dec0000, 0x74ec0000)
  object space 16384K, 55% used [0x6cec0000,0x6d7b2590,0x6dec0000)
}
Event: 1.743 GC heap before
{Heap before GC invocations=2 (full 0):
 PSYoungGen      total 18688K, used 18676K [0x9e6c0000, 0xa0b40000, 0xb32c0000)
  eden space 16128K, 100% used [0x9e6c0000,0x9f680000,0x9f680000)
  from space 2560K, 99% used [0x9f680000,0x9f8fd370,0x9f900000)
  to   space 2560K, 0% used [0xa08c0000,0xa08c0000,0xa0b40000)
 ParOldGen       total 42496K, used 10219K [0x74ec0000, 0x77840000, 0x9e6c0000)
  object space 42496K, 24% used [0x74ec0000,0x758bac98,0x77840000)
 PSPermGen       total 16384K, used 9161K [0x6cec0000, 0x6dec0000, 0x74ec0000)
  object space 16384K, 55% used [0x6cec0000,0x6d7b2590,0x6dec0000)
Event: 1.781 GC heap after
Heap after GC invocations=2 (full 0):
 PSYoungGen      total 34816K, used 2554K [0x9e6c0000, 0xa0b40000, 0xb32c0000)
  eden space 32256K, 0% used [0x9e6c0000,0x9e6c0000,0xa0640000)
  from space 2560K, 99% used [0xa08c0000,0xa0b3e9d8,0xa0b40000)
  to   space 2560K, 0% used [0xa0640000,0xa0640000,0xa08c0000)
 ParOldGen       total 42496K, used 25339K [0x74ec0000, 0x77840000, 0x9e6c0000)
  object space 42496K, 59% used [0x74ec0000,0x7677ecc8,0x77840000)
 PSPermGen       total 16384K, used 9161K [0x6cec0000, 0x6dec0000, 0x74ec0000)
  object space 16384K, 55% used [0x6cec0000,0x6d7b2590,0x6dec0000)
}

