# JRE version: Java(TM) SE Runtime Environment (8.0_31-b13) (build 1.8.0_31-b13)
# Java VM: Java HotSpot(TM) 64-Bit Server VM (25.31-b07 mixed mode bsd-amd64 compressed oops)
Heap:
 PSYoungGen      total 279040K, used 126751K [0x0000000795580000, 0x00000007b8980000, 0x00000007c0000000)
  eden space 120320K, 35% used [0x0000000795580000,0x0000000797ee0778,0x000000079cb00000)
  from space 158720K, 53% used [0x000000079cb00000,0x00000007a1d67680,0x00000007a6600000)
  to   space 214528K, 0% used [0x00000007ab800000,0x00000007ab800000,0x00000007b8980000)
 ParOldGen       total 656896K, used 455246K [0x0000000740000000, 0x0000000768180000, 0x0000000795580000)
  object space 656896K, 69% used [0x0000000740000000,0x000000075bc93958,0x0000000768180000)
 Metaspace       used 12976K, capacity 13142K, committed 13312K, reserved 1060864K
  class space    used 1752K, capacity 1783K, committed 1792K, reserved 1048576K
GC Heap History (10 events):
Event: 11.861 GC heap before
{Heap before GC invocations=9 (full 2):
 PSYoungGen      total 159232K, used 159232K [0x0000000795580000, 0x00000007a4c80000, 0x00000007c0000000)
  eden space 95744K, 100% used [0x0000000795580000,0x000000079b300000,0x000000079b300000)
  from space 63488K, 100% used [0x000000079fe80000,0x00000007a3c80000,0x00000007a3c80000)
  to   space 77312K, 0% used [0x000000079b300000,0x000000079b300000,0x000000079fe80000)
 ParOldGen       total 293376K, used 182803K [0x0000000740000000, 0x0000000751e80000, 0x0000000795580000)
  object space 293376K, 62% used [0x0000000740000000,0x000000074b284fb0,0x0000000751e80000)
 Metaspace       used 12976K, capacity 13142K, committed 13312K, reserved 1060864K
  class space    used 1752K, capacity 1783K, committed 1792K, reserved 1048576K
Event: 12.191 GC heap after
Heap after GC invocations=9 (full 2):
 PSYoungGen      total 173056K, used 77312K [0x0000000795580000, 0x00000007ae580000, 0x00000007c0000000)
  eden space 95744K, 0% used [0x0000000795580000,0x0000000795580000,0x000000079b300000)
  from space 77312K, 100% used [0x000000079b300000,0x000000079fe80000,0x000000079fe80000)
  to   space 130560K, 0% used [0x00000007a6600000,0x00000007a6600000,0x00000007ae580000)
 ParOldGen       total 293376K, used 264955K [0x0000000740000000, 0x0000000751e80000, 0x0000000795580000)
  object space 293376K, 90% used [0x0000000740000000,0x00000007502befb0,0x0000000751e80000)
 Metaspace       used 12976K, capacity 13142K, committed 13312K, reserved 1060864K
  class space    used 1752K, capacity 1783K, committed 1792K, reserved 1048576K
}
Event: 12.191 GC heap before
{Heap before GC invocations=10 (full 3):
 PSYoungGen      total 173056K, used 77312K [0x0000000795580000, 0x00000007ae580000, 0x00000007c0000000)
  eden space 95744K, 0% used [0x0000000795580000,0x0000000795580000,0x000000079b300000)
  from space 77312K, 100% used [0x000000079b300000,0x000000079fe80000,0x000000079fe80000)
  to   space 130560K, 0% used [0x00000007a6600000,0x00000007a6600000,0x00000007ae580000)
 ParOldGen       total 293376K, used 264955K [0x0000000740000000, 0x0000000751e80000, 0x0000000795580000)
  object space 293376K, 90% used [0x0000000740000000,0x00000007502befb0,0x0000000751e80000)
 Metaspace       used 12976K, capacity 13142K, committed 13312K, reserved 1060864K
  class space    used 1752K, capacity 1783K, committed 1792K, reserved 1048576K
Event: 13.977 GC heap after
Heap after GC invocations=10 (full 3):
 PSYoungGen      total 173056K, used 48589K [0x0000000795580000, 0x00000007ae580000, 0x00000007c0000000)
  eden space 95744K, 0% used [0x0000000795580000,0x0000000795580000,0x000000079b300000)
  from space 77312K, 62% used [0x000000079b300000,0x000000079e273580,0x000000079fe80000)
  to   space 130560K, 0% used [0x00000007a6600000,0x00000007a6600000,0x00000007ae580000)
 ParOldGen       total 455680K, used 293351K [0x0000000740000000, 0x000000075bd00000, 0x0000000795580000)
  object space 455680K, 64% used [0x0000000740000000,0x0000000751e79f28,0x000000075bd00000)
 Metaspace       used 12976K, capacity 13142K, committed 13312K, reserved 1060864K
  class space    used 1752K, capacity 1783K, committed 1792K, reserved 1048576K
}
Event: 14.015 GC heap before
{Heap before GC invocations=11 (full 3):
 PSYoungGen      total 173056K, used 144333K [0x0000000795580000, 0x00000007ae580000, 0x00000007c0000000)
  eden space 95744K, 100% used [0x0000000795580000,0x000000079b300000,0x000000079b300000)
  from space 77312K, 62% used [0x000000079b300000,0x000000079e273580,0x000000079fe80000)
  to   space 130560K, 0% used [0x00000007a6600000,0x00000007a6600000,0x00000007ae580000)
 ParOldGen       total 455680K, used 293351K [0x0000000740000000, 0x000000075bd00000, 0x0000000795580000)
  object space 455680K, 64% used [0x0000000740000000,0x0000000751e79f28,0x000000075bd00000)
 Metaspace       used 12976K, capacity 13142K, committed 13312K, reserved 1060864K
  class space    used 1752K, capacity 1783K, committed 1792K, reserved 1048576K
Event: 14.291 GC heap after
Heap after GC invocations=11 (full 3):
 PSYoungGen      total 250880K, used 130560K [0x0000000795580000, 0x00000007b1300000, 0x00000007c0000000)
  eden space 120320K, 0% used [0x0000000795580000,0x0000000795580000,0x000000079cb00000)
  from space 130560K, 100% used [0x00000007a6600000,0x00000007ae580000,0x00000007ae580000)
  to   space 158720K, 0% used [0x000000079cb00000,0x000000079cb00000,0x00000007a6600000)
 ParOldGen       total 455680K, used 307311K [0x0000000740000000, 0x000000075bd00000, 0x0000000795580000)
  object space 455680K, 67% used [0x0000000740000000,0x0000000752c1bf28,0x000000075bd00000)
 Metaspace       used 12976K, capacity 13142K, committed 13312K, reserved 1060864K
  class space    used 1752K, capacity 1783K, committed 1792K, reserved 1048576K
}
Event: 16.446 GC heap before
{Heap before GC invocations=12 (full 3):
 PSYoungGen      total 250880K, used 241064K [0x0000000795580000, 0x00000007b1300000, 0x00000007c0000000)
  eden space 120320K, 91% used [0x0000000795580000,0x000000079c16a1a8,0x000000079cb00000)
  from space 130560K, 100% used [0x00000007a6600000,0x00000007ae580000,0x00000007ae580000)
  to   space 158720K, 0% used [0x000000079cb00000,0x000000079cb00000,0x00000007a6600000)
 ParOldGen       total 455680K, used 307311K [0x0000000740000000, 0x000000075bd00000, 0x0000000795580000)
  object space 455680K, 67% used [0x0000000740000000,0x0000000752c1bf28,0x000000075bd00000)
 Metaspace       used 12976K, capacity 13142K, committed 13312K, reserved 1060864K
  class space    used 1752K, capacity 1783K, committed 1792K, reserved 1048576K
Event: 16.679 GC heap after
Heap after GC invocations=12 (full 3):
 PSYoungGen      total 279040K, used 158708K [0x0000000795580000, 0x00000007b8980000, 0x00000007c0000000)
  eden space 120320K, 0% used [0x0000000795580000,0x0000000795580000,0x000000079cb00000)
  from space 158720K, 99% used [0x000000079cb00000,0x00000007a65fd110,0x00000007a6600000)
  to   space 214528K, 0% used [0x00000007ab800000,0x00000007ab800000,0x00000007b8980000)
 ParOldGen       total 455680K, used 381319K [0x0000000740000000, 0x000000075bd00000, 0x0000000795580000)
  object space 455680K, 83% used [0x0000000740000000,0x0000000757461f38,0x000000075bd00000)
 Metaspace       used 12976K, capacity 13142K, committed 13312K, reserved 1060864K
  class space    used 1752K, capacity 1783K, committed 1792K, reserved 1048576K
}
Event: 16.679 GC heap before
{Heap before GC invocations=13 (full 4):
 PSYoungGen      total 279040K, used 158708K [0x0000000795580000, 0x00000007b8980000, 0x00000007c0000000)
  eden space 120320K, 0% used [0x0000000795580000,0x0000000795580000,0x000000079cb00000)
  from space 158720K, 99% used [0x000000079cb00000,0x00000007a65fd110,0x00000007a6600000)
  to   space 214528K, 0% used [0x00000007ab800000,0x00000007ab800000,0x00000007b8980000)
 ParOldGen       total 455680K, used 381319K [0x0000000740000000, 0x000000075bd00000, 0x0000000795580000)
  object space 455680K, 83% used [0x0000000740000000,0x0000000757461f38,0x000000075bd00000)
 Metaspace       used 12976K, capacity 13142K, committed 13312K, reserved 1060864K
  class space    used 1752K, capacity 1783K, committed 1792K, reserved 1048576K
Event: 19.585 GC heap after
Heap after GC invocations=13 (full 4):
 PSYoungGen      total 279040K, used 84381K [0x0000000795580000, 0x00000007b8980000, 0x00000007c0000000)
  eden space 120320K, 0% used [0x0000000795580000,0x0000000795580000,0x000000079cb00000)
  from space 158720K, 53% used [0x000000079cb00000,0x00000007a1d67680,0x00000007a6600000)
  to   space 214528K, 0% used [0x00000007ab800000,0x00000007ab800000,0x00000007b8980000)
 ParOldGen       total 656896K, used 455246K [0x0000000740000000, 0x0000000768180000, 0x0000000795580000)
  object space 656896K, 69% used [0x0000000740000000,0x000000075bc93958,0x0000000768180000)
 Metaspace       used 12976K, capacity 13142K, committed 13312K, reserved 1060864K
  class space    used 1752K, capacity 1783K, committed 1792K, reserved 1048576K
}

